2019-12-13 04:31:37,457 INFO client.RMProxy: Connecting to ResourceManager at /0.0.0.0:8032
2019-12-13 04:31:37,932 WARN mapreduce.JobResourceUploader: Hadoop command-line option parsing not performed. Implement the Tool interface and execute your application with ToolRunner to remedy this.
2019-12-13 04:31:37,948 INFO mapreduce.JobResourceUploader: Disabling Erasure Coding for path: /tmp/hadoop-yarn/staging/kinyang/.staging/job_1576224793999_0010
2019-12-13 04:31:38,050 INFO sasl.SaslDataTransferClient: SASL encryption trust check: localHostTrusted = false, remoteHostTrusted = false
2019-12-13 04:31:38,168 INFO input.FileInputFormat: Total input files to process : 1
2019-12-13 04:31:38,200 INFO sasl.SaslDataTransferClient: SASL encryption trust check: localHostTrusted = false, remoteHostTrusted = false
2019-12-13 04:31:38,216 INFO sasl.SaslDataTransferClient: SASL encryption trust check: localHostTrusted = false, remoteHostTrusted = false
2019-12-13 04:31:38,221 INFO mapreduce.JobSubmitter: number of splits:1
2019-12-13 04:31:38,407 INFO sasl.SaslDataTransferClient: SASL encryption trust check: localHostTrusted = false, remoteHostTrusted = false
2019-12-13 04:31:38,429 INFO mapreduce.JobSubmitter: Submitting tokens for job: job_1576224793999_0010
2019-12-13 04:31:38,429 INFO mapreduce.JobSubmitter: Executing with tokens: []
2019-12-13 04:31:38,597 INFO conf.Configuration: resource-types.xml not found
2019-12-13 04:31:38,597 INFO resource.ResourceUtils: Unable to find 'resource-types.xml'.
2019-12-13 04:31:38,672 INFO impl.YarnClientImpl: Submitted application application_1576224793999_0010
2019-12-13 04:31:38,749 INFO mapreduce.Job: The url to track the job: http://localhost:8088/proxy/application_1576224793999_0010/
2019-12-13 04:31:38,750 INFO mapreduce.Job: Running job: job_1576224793999_0010
2019-12-13 04:31:45,852 INFO mapreduce.Job: Job job_1576224793999_0010 running in uber mode : false
2019-12-13 04:31:45,855 INFO mapreduce.Job:  map 0% reduce 0%
2019-12-13 04:31:52,945 INFO mapreduce.Job:  map 100% reduce 0%
2019-12-13 04:31:57,981 INFO mapreduce.Job:  map 100% reduce 100%
2019-12-13 04:31:57,989 INFO mapreduce.Job: Job job_1576224793999_0010 completed successfully
2019-12-13 04:31:58,073 INFO mapreduce.Job: Counters: 50
	File System Counters
		FILE: Number of bytes read=6781
		FILE: Number of bytes written=467335
		FILE: Number of read operations=0
		FILE: Number of large read operations=0
		FILE: Number of write operations=0
		HDFS: Number of bytes read=138279854
		HDFS: Number of bytes written=10944
		HDFS: Number of read operations=8
		HDFS: Number of large read operations=0
		HDFS: Number of write operations=2
		HDFS: Number of bytes read erasure-coded=0
	Job Counters 
		Launched map tasks=1
		Launched reduce tasks=1
		Data-local map tasks=1
		Total time spent by all maps in occupied slots (ms)=5388
		Total time spent by all reduces in occupied slots (ms)=2215
		Total time spent by all map tasks (ms)=5388
		Total time spent by all reduce tasks (ms)=2215
		Total vcore-milliseconds taken by all map tasks=5388
		Total vcore-milliseconds taken by all reduce tasks=2215
		Total megabyte-milliseconds taken by all map tasks=5517312
		Total megabyte-milliseconds taken by all reduce tasks=2268160
	Map-Reduce Framework
		Map input records=192609
		Map output records=110
		Map output bytes=6555
		Map output materialized bytes=6781
		Input split bytes=105
		Combine input records=0
		Combine output records=0
		Reduce input groups=36
		Reduce shuffle bytes=6781
		Reduce input records=110
		Reduce output records=110
		Spilled Records=220
		Shuffled Maps =1
		Failed Shuffles=0
		Merged Map outputs=1
		GC time elapsed (ms)=113
		CPU time spent (ms)=0
		Physical memory (bytes) snapshot=0
		Virtual memory (bytes) snapshot=0
		Total committed heap usage (bytes)=607125504
	Shuffle Errors
		BAD_ID=0
		CONNECTION=0
		IO_ERROR=0
		WRONG_LENGTH=0
		WRONG_MAP=0
		WRONG_REDUCE=0
	File Input Format Counters 
		Bytes Read=138279749
	File Output Format Counters 
		Bytes Written=10944
Hadoop Top 5 rated businesses in each state MapReduce Time: 20690 ms
