2019-12-13 06:19:29,980 INFO client.RMProxy: Connecting to ResourceManager at /0.0.0.0:8032
2019-12-13 06:19:30,485 WARN mapreduce.JobResourceUploader: Hadoop command-line option parsing not performed. Implement the Tool interface and execute your application with ToolRunner to remedy this.
2019-12-13 06:19:30,518 INFO mapreduce.JobResourceUploader: Disabling Erasure Coding for path: /tmp/hadoop-yarn/staging/kinyang/.staging/job_1576235822595_0001
2019-12-13 06:19:30,681 INFO sasl.SaslDataTransferClient: SASL encryption trust check: localHostTrusted = false, remoteHostTrusted = false
2019-12-13 06:19:30,832 INFO input.FileInputFormat: Total input files to process : 1
2019-12-13 06:19:30,886 INFO sasl.SaslDataTransferClient: SASL encryption trust check: localHostTrusted = false, remoteHostTrusted = false
2019-12-13 06:19:30,901 INFO sasl.SaslDataTransferClient: SASL encryption trust check: localHostTrusted = false, remoteHostTrusted = false
2019-12-13 06:19:30,909 INFO mapreduce.JobSubmitter: number of splits:40
2019-12-13 06:19:31,098 INFO sasl.SaslDataTransferClient: SASL encryption trust check: localHostTrusted = false, remoteHostTrusted = false
2019-12-13 06:19:31,130 INFO mapreduce.JobSubmitter: Submitting tokens for job: job_1576235822595_0001
2019-12-13 06:19:31,130 INFO mapreduce.JobSubmitter: Executing with tokens: []
2019-12-13 06:19:31,325 INFO conf.Configuration: resource-types.xml not found
2019-12-13 06:19:31,326 INFO resource.ResourceUtils: Unable to find 'resource-types.xml'.
2019-12-13 06:19:31,788 INFO impl.YarnClientImpl: Submitted application application_1576235822595_0001
2019-12-13 06:19:31,823 INFO mapreduce.Job: The url to track the job: http://localhost:8088/proxy/application_1576235822595_0001/
2019-12-13 06:19:31,824 INFO mapreduce.Job: Running job: job_1576235822595_0001
2019-12-13 06:19:38,925 INFO mapreduce.Job: Job job_1576235822595_0001 running in uber mode : false
2019-12-13 06:19:38,928 INFO mapreduce.Job:  map 0% reduce 0%
2019-12-13 06:20:01,092 INFO mapreduce.Job:  map 6% reduce 0%
2019-12-13 06:20:07,169 INFO mapreduce.Job:  map 11% reduce 0%
2019-12-13 06:20:08,176 INFO mapreduce.Job:  map 15% reduce 0%
2019-12-13 06:20:28,294 INFO mapreduce.Job:  map 18% reduce 0%
2019-12-13 06:20:29,307 INFO mapreduce.Job:  map 25% reduce 0%
2019-12-13 06:20:30,313 INFO mapreduce.Job:  map 26% reduce 0%
2019-12-13 06:20:31,319 INFO mapreduce.Job:  map 27% reduce 0%
2019-12-13 06:20:32,328 INFO mapreduce.Job:  map 30% reduce 0%
2019-12-13 06:20:51,460 INFO mapreduce.Job:  map 32% reduce 0%
2019-12-13 06:20:52,464 INFO mapreduce.Job:  map 40% reduce 0%
2019-12-13 06:20:53,470 INFO mapreduce.Job:  map 43% reduce 0%
2019-12-13 06:20:54,477 INFO mapreduce.Job:  map 45% reduce 0%
2019-12-13 06:21:13,582 INFO mapreduce.Job:  map 55% reduce 15%
2019-12-13 06:21:14,588 INFO mapreduce.Job:  map 57% reduce 15%
2019-12-13 06:21:19,615 INFO mapreduce.Job:  map 57% reduce 19%
2019-12-13 06:21:31,684 INFO mapreduce.Job:  map 63% reduce 19%
2019-12-13 06:21:32,692 INFO mapreduce.Job:  map 69% reduce 19%
2019-12-13 06:21:33,698 INFO mapreduce.Job:  map 70% reduce 19%
2019-12-13 06:21:37,726 INFO mapreduce.Job:  map 70% reduce 23%
2019-12-13 06:21:51,819 INFO mapreduce.Job:  map 72% reduce 23%
2019-12-13 06:21:52,826 INFO mapreduce.Job:  map 76% reduce 23%
2019-12-13 06:21:53,831 INFO mapreduce.Job:  map 80% reduce 23%
2019-12-13 06:21:54,837 INFO mapreduce.Job:  map 82% reduce 23%
2019-12-13 06:21:55,857 INFO mapreduce.Job:  map 82% reduce 28%
2019-12-13 06:22:12,965 INFO mapreduce.Job:  map 90% reduce 28%
2019-12-13 06:22:13,985 INFO mapreduce.Job:  map 95% reduce 28%
2019-12-13 06:22:19,014 INFO mapreduce.Job:  map 95% reduce 32%
2019-12-13 06:22:22,025 INFO mapreduce.Job:  map 98% reduce 32%
2019-12-13 06:22:23,029 INFO mapreduce.Job:  map 100% reduce 32%
2019-12-13 06:22:25,048 INFO mapreduce.Job:  map 100% reduce 45%
2019-12-13 06:22:31,082 INFO mapreduce.Job:  map 100% reduce 67%
2019-12-13 06:22:37,117 INFO mapreduce.Job:  map 100% reduce 76%
2019-12-13 06:22:43,148 INFO mapreduce.Job:  map 100% reduce 85%
2019-12-13 06:22:49,190 INFO mapreduce.Job:  map 100% reduce 96%
2019-12-13 06:22:52,212 INFO mapreduce.Job:  map 100% reduce 100%
2019-12-13 06:22:52,220 INFO mapreduce.Job: Job job_1576235822595_0001 completed successfully
2019-12-13 06:22:52,471 INFO mapreduce.Job: Counters: 51
	File System Counters
		FILE: Number of bytes read=334295006
		FILE: Number of bytes written=677907389
		FILE: Number of read operations=0
		FILE: Number of large read operations=0
		FILE: Number of write operations=0
		HDFS: Number of bytes read=5347639502
		HDFS: Number of bytes written=320923200
		HDFS: Number of read operations=125
		HDFS: Number of large read operations=0
		HDFS: Number of write operations=2
		HDFS: Number of bytes read erasure-coded=0
	Job Counters 
		Killed map tasks=1
		Launched map tasks=40
		Launched reduce tasks=1
		Data-local map tasks=40
		Total time spent by all maps in occupied slots (ms)=825072
		Total time spent by all reduces in occupied slots (ms)=118291
		Total time spent by all map tasks (ms)=825072
		Total time spent by all reduce tasks (ms)=118291
		Total vcore-milliseconds taken by all map tasks=825072
		Total vcore-milliseconds taken by all reduce tasks=118291
		Total megabyte-milliseconds taken by all map tasks=844873728
		Total megabyte-milliseconds taken by all reduce tasks=121129984
	Map-Reduce Framework
		Map input records=6685900
		Map output records=6685900
		Map output bytes=320923200
		Map output materialized bytes=334295240
		Input split bytes=4120
		Combine input records=0
		Combine output records=0
		Reduce input groups=192606
		Reduce shuffle bytes=334295240
		Reduce input records=6685900
		Reduce output records=6685900
		Spilled Records=13371800
		Shuffled Maps =40
		Failed Shuffles=0
		Merged Map outputs=40
		GC time elapsed (ms)=9685
		CPU time spent (ms)=0
		Physical memory (bytes) snapshot=0
		Virtual memory (bytes) snapshot=0
		Total committed heap usage (bytes)=18078498816
	Shuffle Errors
		BAD_ID=0
		CONNECTION=0
		IO_ERROR=0
		WRONG_LENGTH=0
		WRONG_MAP=0
		WRONG_REDUCE=0
	File Input Format Counters 
		Bytes Read=5347635382
	File Output Format Counters 
		Bytes Written=320923200
Hadoop Moving Average Rating of Each Business MapReduce Time: 202580 ms
