2019-12-14 00:56:13,216 INFO client.RMProxy: Connecting to ResourceManager at /0.0.0.0:8032
2019-12-14 00:56:13,632 WARN mapreduce.JobResourceUploader: Hadoop command-line option parsing not performed. Implement the Tool interface and execute your application with ToolRunner to remedy this.
2019-12-14 00:56:13,646 INFO mapreduce.JobResourceUploader: Disabling Erasure Coding for path: /tmp/hadoop-yarn/staging/kinyang/.staging/job_1576235822595_0022
2019-12-14 00:56:13,737 INFO sasl.SaslDataTransferClient: SASL encryption trust check: localHostTrusted = false, remoteHostTrusted = false
2019-12-14 00:56:13,850 INFO input.FileInputFormat: Total input files to process : 1
2019-12-14 00:56:13,879 INFO sasl.SaslDataTransferClient: SASL encryption trust check: localHostTrusted = false, remoteHostTrusted = false
2019-12-14 00:56:13,895 INFO sasl.SaslDataTransferClient: SASL encryption trust check: localHostTrusted = false, remoteHostTrusted = false
2019-12-14 00:56:13,900 INFO mapreduce.JobSubmitter: number of splits:1
2019-12-14 00:56:14,043 INFO sasl.SaslDataTransferClient: SASL encryption trust check: localHostTrusted = false, remoteHostTrusted = false
2019-12-14 00:56:14,469 INFO mapreduce.JobSubmitter: Submitting tokens for job: job_1576235822595_0022
2019-12-14 00:56:14,469 INFO mapreduce.JobSubmitter: Executing with tokens: []
2019-12-14 00:56:14,630 INFO conf.Configuration: resource-types.xml not found
2019-12-14 00:56:14,630 INFO resource.ResourceUtils: Unable to find 'resource-types.xml'.
2019-12-14 00:56:14,728 INFO impl.YarnClientImpl: Submitted application application_1576235822595_0022
2019-12-14 00:56:14,799 INFO mapreduce.Job: The url to track the job: http://localhost:8088/proxy/application_1576235822595_0022/
2019-12-14 00:56:14,800 INFO mapreduce.Job: Running job: job_1576235822595_0022
2019-12-14 00:56:20,908 INFO mapreduce.Job: Job job_1576235822595_0022 running in uber mode : false
2019-12-14 00:56:20,909 INFO mapreduce.Job:  map 0% reduce 0%
2019-12-14 00:56:29,007 INFO mapreduce.Job:  map 100% reduce 0%
2019-12-14 00:56:33,029 INFO mapreduce.Job:  map 100% reduce 100%
2019-12-14 00:56:34,046 INFO mapreduce.Job: Job job_1576235822595_0022 completed successfully
2019-12-14 00:56:34,125 INFO mapreduce.Job: Counters: 50
	File System Counters
		FILE: Number of bytes read=3918462
		FILE: Number of bytes written=8289927
		FILE: Number of read operations=0
		FILE: Number of large read operations=0
		FILE: Number of write operations=0
		HDFS: Number of bytes read=138279854
		HDFS: Number of bytes written=21730
		HDFS: Number of read operations=8
		HDFS: Number of large read operations=0
		HDFS: Number of write operations=2
		HDFS: Number of bytes read erasure-coded=0
	Job Counters 
		Launched map tasks=1
		Launched reduce tasks=1
		Data-local map tasks=1
		Total time spent by all maps in occupied slots (ms)=5748
		Total time spent by all reduces in occupied slots (ms)=2402
		Total time spent by all map tasks (ms)=5748
		Total time spent by all reduce tasks (ms)=2402
		Total vcore-milliseconds taken by all map tasks=5748
		Total vcore-milliseconds taken by all reduce tasks=2402
		Total megabyte-milliseconds taken by all map tasks=5885952
		Total megabyte-milliseconds taken by all reduce tasks=2459648
	Map-Reduce Framework
		Map input records=192609
		Map output records=192609
		Map output bytes=3533238
		Map output materialized bytes=3918462
		Input split bytes=105
		Combine input records=0
		Combine output records=0
		Reduce input groups=1258
		Reduce shuffle bytes=3918462
		Reduce input records=192609
		Reduce output records=1258
		Spilled Records=385218
		Shuffled Maps =1
		Failed Shuffles=0
		Merged Map outputs=1
		GC time elapsed (ms)=250
		CPU time spent (ms)=0
		Physical memory (bytes) snapshot=0
		Virtual memory (bytes) snapshot=0
		Total committed heap usage (bytes)=727711744
	Shuffle Errors
		BAD_ID=0
		CONNECTION=0
		IO_ERROR=0
		WRONG_LENGTH=0
		WRONG_MAP=0
		WRONG_REDUCE=0
	File Input Format Counters 
		Bytes Read=138279749
	File Output Format Counters 
		Bytes Written=21730
Hadoop Number of Businesses in each city and state MapReduce Time: 20980 ms
